
C:\prj\vDosPlus-201511-src\freetype-2.10.2\freetype-2.10.2>cl /c /Iinclude /Iinclude\freetype  /DFT2_BUILD_LIBRARY /nologo /c /Ox /W3 /Za /D_CRT_SECURE_NO_DEPRECATE C:\prj\vDosPlus-201511-src\freetype-2.10.2\freetype-2.10.2\src\autofit\afangles.c C:\prj\vDosPlus-201511-src\freetype-2.10.2\freetype-2.10.2\src\autofit\afblue.c C:\prj\vDosPlus-201511-src\freetype-2.10.2\freetype-2.10.2\src\autofit\afcjk.c C:\prj\vDosPlus-201511-src\freetype-2.10.2\freetype-2.10.2\src\autofit\afdummy.c C:\prj\vDosPlus-201511-src\freetype-2.10.2\freetype-2.10.2\src\autofit\afglobal.c C:\prj\vDosPlus-201511-src\freetype-2.10.2\freetype-2.10.2\src\autofit\afhints.c C:\prj\vDosPlus-201511-src\freetype-2.10.2\freetype-2.10.2\src\autofit\afindic.c C:\prj\vDosPlus-201511-src\freetype-2.10.2\freetype-2.10.2\src\autofit\aflatin.c C:\prj\vDosPlus-201511-src\freetype-2.10.2\freetype-2.10.2\src\autofit\aflatin2.c C:\prj\vDosPlus-201511-src\freetype-2.10.2\freetype-2.10.2\src\autofit\afloader.c C:\prj\vDosPlus-201511-src\freetype-2.10.2\freetype-2.10.2\src\autofit\afmodule.c C:\prj\vDosPlus-201511-src\freetype-2.10.2\freetype-2.10.2\src\autofit\afranges.c C:\prj\vDosPlus-201511-src\freetype-2.10.2\freetype-2.10.2\src\autofit\afshaper.c C:\prj\vDosPlus-201511-src\freetype-2.10.2\freetype-2.10.2\src\autofit\afwarp.c C:\prj\vDosPlus-201511-src\freetype-2.10.2\freetype-2.10.2\src\autofit\autofit.c C:\prj\vDosPlus-201511-src\freetype-2.10.2\freetype-2.10.2\src\base\ftadvanc.c C:\prj\vDosPlus-201511-src\freetype-2.10.2\freetype-2.10.2\src\base\ftbase.c C:\prj\vDosPlus-201511-src\freetype-2.10.2\freetype-2.10.2\src\base\ftbbox.c C:\prj\vDosPlus-201511-src\freetype-2.10.2\freetype-2.10.2\src\base\ftbdf.c C:\prj\vDosPlus-201511-src\freetype-2.10.2\freetype-2.10.2\src\base\ftbitmap.c C:\prj\vDosPlus-201511-src\freetype-2.10.2\freetype-2.10.2\src\base\ftcalc.c C:\prj\vDosPlus-201511-src\freetype-2.10.2\freetype-2.10.2\src\base\ftcid.c C:\prj\vDosPlus-201511-src\freetype-2.10.2\freetype-2.10.2\src\base\ftcolor.c C:\prj\vDosPlus-201511-src\freetype-2.10.2\freetype-2.10.2\src\base\ftdbgmem.c C:\prj\vDosPlus-201511-src\freetype-2.10.2\freetype-2.10.2\src\base\ftdebug.c C:\prj\vDosPlus-201511-src\freetype-2.10.2\freetype-2.10.2\src\base\fterrors.c C:\prj\vDosPlus-201511-src\freetype-2.10.2\freetype-2.10.2\src\base\ftfntfmt.c C:\prj\vDosPlus-201511-src\freetype-2.10.2\freetype-2.10.2\src\base\ftfstype.c C:\prj\vDosPlus-201511-src\freetype-2.10.2\freetype-2.10.2\src\base\ftgasp.c C:\prj\vDosPlus-201511-src\freetype-2.10.2\freetype-2.10.2\src\base\ftgloadr.c C:\prj\vDosPlus-201511-src\freetype-2.10.2\freetype-2.10.2\src\base\ftglyph.c C:\prj\vDosPlus-201511-src\freetype-2.10.2\freetype-2.10.2\src\base\ftgxval.c C:\prj\vDosPlus-201511-src\freetype-2.10.2\freetype-2.10.2\src\base\fthash.c C:\prj\vDosPlus-201511-src\freetype-2.10.2\freetype-2.10.2\src\base\ftinit.c C:\prj\vDosPlus-201511-src\freetype-2.10.2\freetype-2.10.2\src\base\ftlcdfil.c C:\prj\vDosPlus-201511-src\freetype-2.10.2\freetype-2.10.2\src\base\ftmac.c C:\prj\vDosPlus-201511-src\freetype-2.10.2\freetype-2.10.2\src\base\ftmm.c C:\prj\vDosPlus-201511-src\freetype-2.10.2\freetype-2.10.2\src\base\ftobjs.c C:\prj\vDosPlus-201511-src\freetype-2.10.2\freetype-2.10.2\src\base\ftotval.c C:\prj\vDosPlus-201511-src\freetype-2.10.2\freetype-2.10.2\src\base\ftoutln.c C:\prj\vDosPlus-201511-src\freetype-2.10.2\freetype-2.10.2\src\base\ftpatent.c C:\prj\vDosPlus-201511-src\freetype-2.10.2\freetype-2.10.2\src\base\ftpfr.c C:\prj\vDosPlus-201511-src\freetype-2.10.2\freetype-2.10.2\src\base\ftpsprop.c C:\prj\vDosPlus-201511-src\freetype-2.10.2\freetype-2.10.2\src\base\ftrfork.c C:\prj\vDosPlus-201511-src\freetype-2.10.2\freetype-2.10.2\src\base\ftsnames.c C:\prj\vDosPlus-201511-src\freetype-2.10.2\freetype-2.10.2\src\base\ftstream.c C:\prj\vDosPlus-201511-src\freetype-2.10.2\freetype-2.10.2\src\base\ftstroke.c C:\prj\vDosPlus-201511-src\freetype-2.10.2\freetype-2.10.2\src\base\ftsynth.c C:\prj\vDosPlus-201511-src\freetype-2.10.2\freetype-2.10.2\src\base\ftsystem.c C:\prj\vDosPlus-201511-src\freetype-2.10.2\freetype-2.10.2\src\base\fttrigon.c C:\prj\vDosPlus-201511-src\freetype-2.10.2\freetype-2.10.2\src\base\fttype1.c C:\prj\vDosPlus-201511-src\freetype-2.10.2\freetype-2.10.2\src\base\ftutil.c C:\prj\vDosPlus-201511-src\freetype-2.10.2\freetype-2.10.2\src\base\ftwinfnt.c C:\prj\vDosPlus-201511-src\freetype-2.10.2\freetype-2.10.2\src\base\md5.c C:\prj\vDosPlus-201511-src\freetype-2.10.2\freetype-2.10.2\src\bdf\bdf.c C:\prj\vDosPlus-201511-src\freetype-2.10.2\freetype-2.10.2\src\bdf\bdfdrivr.c C:\prj\vDosPlus-201511-src\freetype-2.10.2\freetype-2.10.2\src\bdf\bdflib.c C:\prj\vDosPlus-201511-src\freetype-2.10.2\freetype-2.10.2\src\bzip2\ftbzip2.c C:\prj\vDosPlus-201511-src\freetype-2.10.2\freetype-2.10.2\src\cache\ftcache.c C:\prj\vDosPlus-201511-src\freetype-2.10.2\freetype-2.10.2\src\cache\ftcbasic.c C:\prj\vDosPlus-201511-src\freetype-2.10.2\freetype-2.10.2\src\cache\ftccache.c C:\prj\vDosPlus-201511-src\freetype-2.10.2\freetype-2.10.2\src\cache\ftccmap.c C:\prj\vDosPlus-201511-src\freetype-2.10.2\freetype-2.10.2\src\cache\ftcglyph.c C:\prj\vDosPlus-201511-src\freetype-2.10.2\freetype-2.10.2\src\cache\ftcimage.c C:\prj\vDosPlus-201511-src\freetype-2.10.2\freetype-2.10.2\src\cache\ftcmanag.c C:\prj\vDosPlus-201511-src\freetype-2.10.2\freetype-2.10.2\src\cache\ftcmru.c C:\prj\vDosPlus-201511-src\freetype-2.10.2\freetype-2.10.2\src\cache\ftcsbits.c C:\prj\vDosPlus-201511-src\freetype-2.10.2\freetype-2.10.2\src\cff\cff.c C:\prj\vDosPlus-201511-src\freetype-2.10.2\freetype-2.10.2\src\cff\cffcmap.c C:\prj\vDosPlus-201511-src\freetype-2.10.2\freetype-2.10.2\src\cff\cffdrivr.c C:\prj\vDosPlus-201511-src\freetype-2.10.2\freetype-2.10.2\src\cff\cffgload.c C:\prj\vDosPlus-201511-src\freetype-2.10.2\freetype-2.10.2\src\cff\cffload.c C:\prj\vDosPlus-201511-src\freetype-2.10.2\freetype-2.10.2\src\cff\cffobjs.c C:\prj\vDosPlus-201511-src\freetype-2.10.2\freetype-2.10.2\src\cff\cffparse.c C:\prj\vDosPlus-201511-src\freetype-2.10.2\freetype-2.10.2\src\cid\cidgload.c C:\prj\vDosPlus-201511-src\freetype-2.10.2\freetype-2.10.2\src\cid\cidload.c C:\prj\vDosPlus-201511-src\freetype-2.10.2\freetype-2.10.2\src\cid\cidobjs.c C:\prj\vDosPlus-201511-src\freetype-2.10.2\freetype-2.10.2\src\cid\cidparse.c C:\prj\vDosPlus-201511-src\freetype-2.10.2\freetype-2.10.2\src\cid\cidriver.c C:\prj\vDosPlus-201511-src\freetype-2.10.2\freetype-2.10.2\src\cid\type1cid.c C:\prj\vDosPlus-201511-src\freetype-2.10.2\freetype-2.10.2\src\gxvalid\gxvalid.c C:\prj\vDosPlus-201511-src\freetype-2.10.2\freetype-2.10.2\src\gxvalid\gxvbsln.c C:\prj\vDosPlus-201511-src\freetype-2.10.2\freetype-2.10.2\src\gxvalid\gxvcommn.c C:\prj\vDosPlus-201511-src\freetype-2.10.2\freetype-2.10.2\src\gxvalid\gxvfeat.c C:\prj\vDosPlus-201511-src\freetype-2.10.2\freetype-2.10.2\src\gxvalid\gxvfgen.c C:\prj\vDosPlus-201511-src\freetype-2.10.2\freetype-2.10.2\src\gxvalid\gxvjust.c C:\prj\vDosPlus-201511-src\freetype-2.10.2\freetype-2.10.2\src\gxvalid\gxvkern.c C:\prj\vDosPlus-201511-src\freetype-2.10.2\freetype-2.10.2\src\gxvalid\gxvlcar.c C:\prj\vDosPlus-201511-src\freetype-2.10.2\freetype-2.10.2\src\gxvalid\gxvmod.c C:\prj\vDosPlus-201511-src\freetype-2.10.2\freetype-2.10.2\src\gxvalid\gxvmort.c C:\prj\vDosPlus-201511-src\freetype-2.10.2\freetype-2.10.2\src\gxvalid\gxvmort0.c C:\prj\vDosPlus-201511-src\freetype-2.10.2\freetype-2.10.2\src\gxvalid\gxvmort1.c C:\prj\vDosPlus-201511-src\freetype-2.10.2\freetype-2.10.2\src\gxvalid\gxvmort2.c C:\prj\vDosPlus-201511-src\freetype-2.10.2\freetype-2.10.2\src\gxvalid\gxvmort4.c C:\prj\vDosPlus-201511-src\freetype-2.10.2\freetype-2.10.2\src\gxvalid\gxvmort5.c C:\prj\vDosPlus-201511-src\freetype-2.10.2\freetype-2.10.2\src\gxvalid\gxvmorx.c C:\prj\vDosPlus-201511-src\freetype-2.10.2\freetype-2.10.2\src\gxvalid\gxvmorx0.c C:\prj\vDosPlus-201511-src\freetype-2.10.2\freetype-2.10.2\src\gxvalid\gxvmorx1.c C:\prj\vDosPlus-201511-src\freetype-2.10.2\freetype-2.10.2\src\gxvalid\gxvmorx2.c C:\prj\vDosPlus-201511-src\freetype-2.10.2\freetype-2.10.2\src\gxvalid\gxvmorx4.c C:\prj\vDosPlus-201511-src\freetype-2.10.2\freetype-2.10.2\src\gxvalid\gxvmorx5.c C:\prj\vDosPlus-201511-src\freetype-2.10.2\freetype-2.10.2\src\gxvalid\gxvopbd.c C:\prj\vDosPlus-
afangles.c
afblue.c
afcjk.c
afdummy.c
afglobal.c
afhints.c
afindic.c
aflatin.c
aflatin2.c
afloader.c
afmodule.c
afranges.c
afshaper.c
afwarp.c
autofit.c
ftadvanc.c
ftbase.c
ftbbox.c
ftbdf.c
ftbitmap.c
Generating Code...
Compiling...
ftcalc.c
ftcid.c
ftcolor.c
ftdbgmem.c
ftdebug.c
fterrors.c
ftfntfmt.c
ftfstype.c
ftgasp.c
ftgloadr.c
ftglyph.c
ftgxval.c
fthash.c
ftinit.c
ftlcdfil.c
ftmac.c
ftmm.c
ftobjs.c
ftotval.c
ftoutln.c
Generating Code...
Compiling...
ftpatent.c
ftpfr.c
ftpsprop.c
ftrfork.c
ftsnames.c
ftstream.c
ftstroke.c
ftsynth.c
ftsystem.c
fttrigon.c
fttype1.c
ftutil.c
ftwinfnt.c
md5.c
bdf.c
bdfdrivr.c
bdflib.c
ftbzip2.c
ftcache.c
ftcbasic.c
Generating Code...
Compiling...
ftccache.c
ftccmap.c
ftcglyph.c
ftcimage.c
ftcmanag.c
ftcmru.c
ftcsbits.c
cff.c
cffcmap.c
cffdrivr.c
cffgload.c
cffload.c
cffobjs.c
cffparse.c
cidgload.c
cidload.c
cidobjs.c
cidparse.c
cidriver.c
type1cid.c
Generating Code...
Compiling...
gxvalid.c
c:\prj\vdosplus-201511-src\freetype-2.10.2\freetype-2.10.2\src\gxvalid\gxvmort2.c(196): warning C4018: '>': signed/unsigned mismatch
gxvbsln.c
gxvcommn.c
gxvfeat.c
gxvfgen.c
C:\prj\vDosPlus-201511-src\freetype-2.10.2\freetype-2.10.2\src\gxvalid\gxvfgen.c(469): warning C4013: 'ft_strncmp' undefined; assuming extern returning int
gxvjust.c
gxvkern.c
gxvlcar.c
gxvmod.c
gxvmort.c
gxvmort0.c
gxvmort1.c
gxvmort2.c
C:\prj\vDosPlus-201511-src\freetype-2.10.2\freetype-2.10.2\src\gxvalid\gxvmort2.c(196): warning C4018: '>': signed/unsigned mismatch
gxvmort4.c
gxvmort5.c
gxvmorx.c
gxvmorx0.c
gxvmorx1.c
gxvmorx2.c
gxvmorx4.c
Generating Code...
Compiling...
gxvmorx5.c
gxvopbd.c
gxvprop.c
c1: fatal error C1083: Cannot open source file: 'C:\prj\vDosPlus-01511-src\freetype-2.10.2\freetype-2.10.2\src\gxvalid\gxvprop.c': No such file or directory
gxvtrak.c
adler32.c
ftgzip.c
infblock.c
C:\prj\vDosPlus-201511-src\freetype-2.10.2\freetype-2.10.2\src\gzip\infblock.c(139): warning C4244: '+=': conversion from '__int64' to 'uLong', possible loss of data
C:\prj\vDosPlus-201511-src\freetype-2.10.2\freetype-2.10.2\src\gzip\infblock.c(165): warning C4244: '+=': conversion from '__int64' to 'uLong', possible loss of data
C:\prj\vDosPlus-201511-src\freetype-2.10.2\freetype-2.10.2\src\gzip\infblock.c(182): warning C4244: '+=': conversion from '__int64' to 'uLong', possible loss of data
C:\prj\vDosPlus-201511-src\freetype-2.10.2\freetype-2.10.2\src\gzip\infblock.c(186): warning C4244: '+=': conversion from '__int64' to 'uLong', possible loss of data
C:\prj\vDosPlus-201511-src\freetype-2.10.2\freetype-2.10.2\src\gzip\infblock.c(192): warning C4244: '+=': conversion from '__int64' to 'uLong', possible loss of data
C:\prj\vDosPlus-201511-src\freetype-2.10.2\freetype-2.10.2\src\gzip\infblock.c(201): warning C4244: '+=': conversion from '__int64' to 'uLong', possible loss of data
C:\prj\vDosPlus-201511-src\freetype-2.10.2\freetype-2.10.2\src\gzip\infblock.c(202): warning C4244: '+=': conversion from '__int64' to 'uLong', possible loss of data
C:\prj\vDosPlus-201511-src\freetype-2.10.2\freetype-2.10.2\src\gzip\infblock.c(206): warning C4013: 'ft_memcpy' undefined; assuming extern returning int
C:\prj\vDosPlus-201511-src\freetype-2.10.2\freetype-2.10.2\src\gzip\infblock.c(217): warning C4244: '+=': conversion from '__int64' to 'uLong', possible loss of data
C:\prj\vDosPlus-201511-src\freetype-2.10.2\freetype-2.10.2\src\gzip\infblock.c(225): warning C4244: '+=': conversion from '__int64' to 'uLong', possible loss of data
C:\prj\vDosPlus-201511-src\freetype-2.10.2\freetype-2.10.2\src\gzip\infblock.c(232): warning C4244: '+=': conversion from '__int64' to 'uLong', possible loss of data
C:\prj\vDosPlus-201511-src\freetype-2.10.2\freetype-2.10.2\src\gzip\infblock.c(242): warning C4244: '+=': conversion from '__int64' to 'uLong', possible loss of data
C:\prj\vDosPlus-201511-src\freetype-2.10.2\freetype-2.10.2\src\gzip\infblock.c(259): warning C4244: '+=': conversion from '__int64' to 'uLong', possible loss of data
C:\prj\vDosPlus-201511-src\freetype-2.10.2\freetype-2.10.2\src\gzip\infblock.c(273): warning C4244: '+=': conversion from '__int64' to 'uLong', possible loss of data
C:\prj\vDosPlus-201511-src\freetype-2.10.2\freetype-2.10.2\src\gzip\infblock.c(286): warning C4244: '+=': conversion from '__int64' to 'uLong', possible loss of data
C:\prj\vDosPlus-201511-src\freetype-2.10.2\freetype-2.10.2\src\gzip\infblock.c(299): warning C4244: '+=': conversion from '__int64' to 'uLong', possible loss of data
C:\prj\vDosPlus-201511-src\freetype-2.10.2\freetype-2.10.2\src\gzip\infblock.c(328): warning C4244: '+=': conversion from '__int64' to 'uLong', possible loss of data
C:\prj\vDosPlus-201511-src\freetype-2.10.2\freetype-2.10.2\src\gzip\infblock.c(334): warning C4244: '+=': conversion from '__int64' to 'uLong', possible loss of data
C:\prj\vDosPlus-201511-src\freetype-2.10.2\freetype-2.10.2\src\gzip\infblock.c(342): warning C4244: '+=': conversion from '__int64' to 'uLong', possible loss of data
C:\prj\vDosPlus-201511-src\freetype-2.10.2\freetype-2.10.2\src\gzip\infblock.c(361): warning C4244: '+=': conversion from '__int64' to 'uLong', possible loss of data
C:\prj\vDosPlus-201511-src\freetype-2.10.2\freetype-2.10.2\src\gzip\infblock.c(366): warning C4244: '+=': conversion from '__int64' to 'uLong', possible loss of data
C:\prj\vDosPlus-201511-src\freetype-2.10.2\freetype-2.10.2\src\gzip\infblock.c(369): warning C4244: '+=': conversion from '__int64' to 'uLong', possible loss of data
C:\prj\vDosPlus-201511-src\freetype-2.10.2\freetype-2.10.2\src\gzip\infblock.c(372): warning C4244: '+=': conversion from '__int64' to 'uLong', possible loss of data
C:\prj\vDosPlus-201511-src\freetype-2.10.2\freetype-2.10.2\src\gzip\infblock.c(393): error C2129: static function 'int inflate_trees_dynamic(uInt,uInt,uIntf *,uIntf *,uIntf *,inflate_huft **,inflate_huft **,inflate_huft *,z_streamp)' declared but not defined
c:\prj\vdosplus-201511-src\freetype-2.10.2\freetype-2.10.2\src\gzip\inftrees.h(45): note: see declaration of 'inflate_trees_dynamic'
infcodes.c
C:\prj\vDosPlus-201511-src\freetype-2.10.2\freetype-2.10.2\src\gzip\infcodes.c(107): warning C4244: '+=': conversion from '__int64' to 'uLong', possible loss of data
C:\prj\vDosPlus-201511-src\freetype-2.10.2\freetype-2.10.2\src\gzip\infcodes.c(108): warning C4013: 'inflate_fast' undefined; assuming extern returning int
C:\prj\vDosPlus-201511-src\freetype-2.10.2\freetype-2.10.2\src\gzip\infcodes.c(123): warning C4244: '+=': conversion from '__int64' to 'uLong', possible loss of data
C:\prj\vDosPlus-201511-src\freetype-2.10.2\freetype-2.10.2\src\gzip\infcodes.c(158): warning C4244: '+=': conversion from '__int64' to 'uLong', possible loss of data
C:\prj\vDosPlus-201511-src\freetype-2.10.2\freetype-2.10.2\src\gzip\infcodes.c(161): warning C4244: '+=': conversion from '__int64' to 'uLong', possible loss of data
C:\prj\vDosPlus-201511-src\freetype-2.10.2\freetype-2.10.2\src\gzip\infcodes.c(171): warning C4244: '+=': conversion from '__int64' to 'uLong', possible loss of data
C:\prj\vDosPlus-201511-src\freetype-2.10.2\freetype-2.10.2\src\gzip\infcodes.c(191): warning C4244: '+=': conversion from '__int64' to 'uLong', possible loss of data
C:\prj\vDosPlus-201511-src\freetype-2.10.2\freetype-2.10.2\src\gzip\infcodes.c(194): warning C4244: '+=': conversion from '__int64' to 'uLong', possible loss of data
C:\prj\vDosPlus-201511-src\freetype-2.10.2\freetype-2.10.2\src\gzip\infcodes.c(206): warning C4244: '+=': conversion from '__int64' to 'uLong', possible loss of data
C:\prj\vDosPlus-201511-src\freetype-2.10.2\freetype-2.10.2\src\gzip\infcodes.c(215): warning C4244: '+=': conversion from '__int64' to 'uLong', possible loss of data
C:\prj\vDosPlus-201511-src\freetype-2.10.2\freetype-2.10.2\src\gzip\infcodes.c(229): warning C4244: '+=': conversion from '__int64' to 'uLong', possible loss of data
C:\prj\vDosPlus-201511-src\freetype-2.10.2\freetype-2.10.2\src\gzip\infcodes.c(234): warning C4244: '+=': conversion from '__int64' to 'uLong', possible loss of data
C:\prj\vDosPlus-201511-src\freetype-2.10.2\freetype-2.10.2\src\gzip\infcodes.c(237): warning C4244: '+=': conversion from '__int64' to 'uLong', possible loss of data
C:\prj\vDosPlus-201511-src\freetype-2.10.2\freetype-2.10.2\src\gzip\infcodes.c(240): warning C4244: '+=': conversion from '__int64' to 'uLong', possible loss of data
C:\prj\vDosPlus-201511-src\freetype-2.10.2\freetype-2.10.2\src\gzip\infcodes.c(255): error C2129: static function 'int inflate_flush(inflate_blocks_statef *,z_streamp,int)' declared but not defined
c:\prj\vdosplus-201511-src\freetype-2.10.2\freetype-2.10.2\src\gzip\infutil.h(93): note: see declaration of 'inflate_flush'
inflate.c
C:\prj\vDosPlus-201511-src\freetype-2.10.2\freetype-2.10.2\src\gzip\inflate.c(284): error C2129: static function 'inflate_blocks_statef *inflate_blocks_new(z_streamp,check_func,uInt)' declared but not defined
c:\prj\vdosplus-201511-src\freetype-2.10.2\freetype-2.10.2\src\gzip\infblock.h(17): note: see declaration of 'inflate_blocks_new'
inftrees.c
C:\prj\vDosPlus-201511-src\freetype-2.10.2\freetype-2.10.2\src\gzip\inftrees.c(461): warning C4013: 'FT_UNUSED' undefined; assuming extern returning int
infutil.c
C:\prj\vDosPlus-201511-src\freetype-2.10.2\freetype-2.10.2\src\gzip\infutil.c(49): warning C4013: 'ft_memcpy' undefined; assuming extern returning int
zutil.c
C:\prj\vDosPlus-201511-src\freetype-2.10.2\freetype-2.10.2\src\gzip\zutil.c(170): warning C4013: 'ft_scalloc' undefined; assuming extern returning int
C:\prj\vDosPlus-201511-src\freetype-2.10.2\freetype-2.10.2\src\gzip\zutil.c(170): warning C4312: 'type cast': conversion from 'int' to 'voidpf' of greater size
C:\prj\vDosPlus-201511-src\freetype-2.10.2\freetype-2.10.2\src\gzip\zutil.c(177): warning C4013: 'ft_sfree' undefined; assuming extern returning int
ftlzw.c
ftzopen.c
otvalid.c
otvbase.c
otvcommn.c
otvgdef.c
otvgpos.c
otvgsub.c
Generating Code...
Compiling...
otvjstf.c
otvmath.c
otvmod.c
pcf.c
pcfdrivr.c
pcfread.c
pcfutil.c
pfr.c
pfrcmap.c
pfrdrivr.c
pfrgload.c
pfrload.c
pfrobjs.c
pfrsbit.c
afmparse.c
cffdecode.c
psarrst.c
psaux.c
c:\prj\vdosplus-201511-src\freetype-2.10.2\freetype-2.10.2\src\psaux\psintrp.c(1005): warning C4267: '=': conversion from 'size_t' to 'FT_Fast', possible loss of data
psauxmod.c
psblues.c
Generating Code...
Compiling...
psconv.c
pserror.c
psfont.c
psft.c
pshints.c
psintrp.c
C:\prj\vDosPlus-201511-src\freetype-2.10.2\freetype-2.10.2\src\psaux\psintrp.c(1005): warning C4267: '=': conversion from 'size_t' to 'FT_Fast', possible loss of data
psobjs.c
psread.c
psstack.c
t1cmap.c
t1decode.c
pshalgo.c
pshglob.c
pshinter.c
pshmod.c
pshrec.c
psmodule.c
psnames.c
ftraster.c
ftrend1.c
Generating Code...
Compiling...
raster.c
pngshim.c
sfdriver.c
C:\prj\vDosPlus-201511-src\freetype-2.10.2\freetype-2.10.2\src\sfnt\sfdriver.c(860): warning C4267: '=': conversion from 'size_t' to 'FT_UInt', possible loss of data
C:\prj\vDosPlus-201511-src\freetype-2.10.2\freetype-2.10.2\src\sfnt\sfdriver.c(1011): warning C4244: 'function': conversion from '__int64' to 'const unsigned int', possible loss of data
sfnt.c
c:\prj\vdosplus-201511-src\freetype-2.10.2\freetype-2.10.2\src\sfnt\sfdriver.c(860): warning C4267: '=': conversion from 'size_t' to 'FT_UInt', possible loss of data
c:\prj\vdosplus-201511-src\freetype-2.10.2\freetype-2.10.2\src\sfnt\sfdriver.c(1011): warning C4244: 'function': conversion from '__int64' to 'const unsigned int', possible loss of data
c:\prj\vdosplus-201511-src\freetype-2.10.2\freetype-2.10.2\src\sfnt\ttcolr.c(128): warning C4018: '>': signed/unsigned mismatch
c:\prj\vdosplus-201511-src\freetype-2.10.2\freetype-2.10.2\src\sfnt\ttcolr.c(136): warning C4018: '>': signed/unsigned mismatch
c:\prj\vdosplus-201511-src\freetype-2.10.2\freetype-2.10.2\src\sfnt\ttcpal.c(121): warning C4018: '>': signed/unsigned mismatch
c:\prj\vdosplus-201511-src\freetype-2.10.2\freetype-2.10.2\src\sfnt\ttcpal.c(154): warning C4018: '>': signed/unsigned mismatch
c:\prj\vdosplus-201511-src\freetype-2.10.2\freetype-2.10.2\src\sfnt\ttcpal.c(175): warning C4018: '>': signed/unsigned mismatch
c:\prj\vdosplus-201511-src\freetype-2.10.2\freetype-2.10.2\src\sfnt\ttcpal.c(196): warning C4018: '>': signed/unsigned mismatch
sfobjs.c
sfwoff.c
sfwoff2.c
ttbdf.c
ttcmap.c
ttcolr.c
C:\prj\vDosPlus-201511-src\freetype-2.10.2\freetype-2.10.2\src\sfnt\ttcolr.c(128): warning C4018: '>': signed/unsigned mismatch
C:\prj\vDosPlus-201511-src\freetype-2.10.2\freetype-2.10.2\src\sfnt\ttcolr.c(136): warning C4018: '>': signed/unsigned mismatch
ttcpal.c
C:\prj\vDosPlus-201511-src\freetype-2.10.2\freetype-2.10.2\src\sfnt\ttcpal.c(121): warning C4018: '>': signed/unsigned mismatch
C:\prj\vDosPlus-201511-src\freetype-2.10.2\freetype-2.10.2\src\sfnt\ttcpal.c(154): warning C4018: '>': signed/unsigned mismatch
C:\prj\vDosPlus-201511-src\freetype-2.10.2\freetype-2.10.2\src\sfnt\ttcpal.c(175): warning C4018: '>': signed/unsigned mismatch
C:\prj\vDosPlus-201511-src\freetype-2.10.2\freetype-2.10.2\src\sfnt\ttcpal.c(196): warning C4018: '>': signed/unsigned mismatch
ttkern.c
ttload.c
ttmtx.c
ttpost.c
ttsbit.c
woff2tags.c
ftgrays.c
C:\prj\vDosPlus-201511-src\freetype-2.10.2\freetype-2.10.2\src\smooth\ftgrays.c(1704): warning C4267: '+=': conversion from 'size_t' to 'TCoord', possible loss of data
ftsmooth.c
smooth.c
c:\prj\vdosplus-201511-src\freetype-2.10.2\freetype-2.10.2\src\smooth\ftgrays.c(1704): warning C4267: '+=': conversion from 'size_t' to 'TCoord', possible loss of data
Generating Code...
Compiling...
apinames.c
C:\prj\vDosPlus-201511-src\freetype-2.10.2\freetype-2.10.2\src\tools\apinames.c(184): warning C4244: 'initializing': conversion from '__int64' to 'int', possible loss of data
test_afm.c
test_bbox.c
C:\prj\vDosPlus-201511-src\freetype-2.10.2\freetype-2.10.2\src\tools\test_bbox.c(117): warning C4013: 'FT_Outline_Get_CBox' undefined; assuming extern returning int
C:\prj\vDosPlus-201511-src\freetype-2.10.2\freetype-2.10.2\src\tools\test_bbox.c(145): warning C4013: 'FT_Outline_Get_CBox' undefined; assuming extern returning int
test_trig.c
ftrandom.c
C:\prj\vDosPlus-201511-src\freetype-2.10.2\freetype-2.10.2\src\tools\ftrandom\ftrandom.c(38): fatal error C1083: Cannot open include file: 'strings.h': No such file or directory
truetype.c
c:\prj\vdosplus-201511-src\freetype-2.10.2\freetype-2.10.2\src\truetype\ttgload.c(1892): warning C4312: 'type cast': conversion from 'unsigned long' to 'void *' of greater size
ttdriver.c
ttgload.c
C:\prj\vDosPlus-201511-src\freetype-2.10.2\freetype-2.10.2\src\truetype\ttgload.c(1892): warning C4312: 'type cast': conversion from 'unsigned long' to 'void *' of greater size
ttgxvar.c
ttinterp.c
ttobjs.c
ttpload.c
ttsubpix.c
t1afm.c
t1driver.c
C:\prj\vDosPlus-201511-src\freetype-2.10.2\freetype-2.10.2\src\type1\t1driver.c(277): warning C4267: '=': conversion from 'size_t' to 'FT_ULong', possible loss of data
C:\prj\vDosPlus-201511-src\freetype-2.10.2\freetype-2.10.2\src\type1\t1driver.c(298): warning C4267: '=': conversion from 'size_t' to 'FT_ULong', possible loss of data
C:\prj\vDosPlus-201511-src\freetype-2.10.2\freetype-2.10.2\src\type1\t1driver.c(330): warning C4267: '=': conversion from 'size_t' to 'FT_ULong', possible loss of data
C:\prj\vDosPlus-201511-src\freetype-2.10.2\freetype-2.10.2\src\type1\t1driver.c(360): warning C4267: '=': conversion from 'size_t' to 'FT_UInt', possible loss of data
C:\prj\vDosPlus-201511-src\freetype-2.10.2\freetype-2.10.2\src\type1\t1driver.c(569): warning C4267: '=': conversion from 'size_t' to 'FT_ULong', possible loss of data
C:\prj\vDosPlus-201511-src\freetype-2.10.2\freetype-2.10.2\src\type1\t1driver.c(578): warning C4267: '=': conversion from 'size_t' to 'FT_ULong', possible loss of data
C:\prj\vDosPlus-201511-src\freetype-2.10.2\freetype-2.10.2\src\type1\t1driver.c(587): warning C4267: '=': conversion from 'size_t' to 'FT_ULong', possible loss of data
C:\prj\vDosPlus-201511-src\freetype-2.10.2\freetype-2.10.2\src\type1\t1driver.c(596): warning C4267: '=': conversion from 'size_t' to 'FT_ULong', possible loss of data
C:\prj\vDosPlus-201511-src\freetype-2.10.2\freetype-2.10.2\src\type1\t1driver.c(606): warning C4267: '=': conversion from 'size_t' to 'FT_ULong', possible loss of data
t1gload.c
t1load.c
C:\prj\vDosPlus-201511-src\freetype-2.10.2\freetype-2.10.2\src\type1\t1load.c(1761): warning C4244: '=': conversion from '__int64' to 'FT_Int', possible loss of data
C:\prj\vDosPlus-201511-src\freetype-2.10.2\freetype-2.10.2\src\type1\t1load.c(1931): warning C4244: '=': conversion from '__int64' to 'FT_Int', possible loss of data
t1objs.c
t1parse.c
type1.c
c:\prj\vdosplus-201511-src\freetype-2.10.2\freetype-2.10.2\src\type1\t1driver.c(277): warning C4267: '=': conversion from 'size_t' to 'FT_ULong', possible loss of data
c:\prj\vdosplus-201511-src\freetype-2.10.2\freetype-2.10.2\src\type1\t1driver.c(298): warning C4267: '=': conversion from 'size_t' to 'FT_ULong', possible loss of data
c:\prj\vdosplus-201511-src\freetype-2.10.2\freetype-2.10.2\src\type1\t1driver.c(330): warning C4267: '=': conversion from 'size_t' to 'FT_ULong', possible loss of data
c:\prj\vdosplus-201511-src\freetype-2.10.2\freetype-2.10.2\src\type1\t1driver.c(360): warning C4267: '=': conversion from 'size_t' to 'FT_UInt', possible loss of data
c:\prj\vdosplus-201511-src\freetype-2.10.2\freetype-2.10.2\src\type1\t1driver.c(569): warning C4267: '=': conversion from 'size_t' to 'FT_ULong', possible loss of data
c:\prj\vdosplus-201511-src\freetype-2.10.2\freetype-2.10.2\src\type1\t1driver.c(578): warning C4267: '=': conversion from 'size_t' to 'FT_ULong', possible loss of data
c:\prj\vdosplus-201511-src\freetype-2.10.2\freetype-2.10.2\src\type1\t1driver.c(587): warning C4267: '=': conversion from 'size_t' to 'FT_ULong', possible loss of data
c:\prj\vdosplus-201511-src\freetype-2.10.2\freetype-2.10.2\src\type1\t1driver.c(596): warning C4267: '=': conversion from 'size_t' to 'FT_ULong', possible loss of data
c:\prj\vdosplus-201511-src\freetype-2.10.2\freetype-2.10.2\src\type1\t1driver.c(606): warning C4267: '=': conversion from 'size_t' to 'FT_ULong', possible loss of data
c:\prj\vdosplus-201511-src\freetype-2.10.2\freetype-2.10.2\src\type1\t1load.c(1761): warning C4244: '=': conversion from '__int64' to 'FT_Int', possible loss of data
c:\prj\vdosplus-201511-src\freetype-2.10.2\freetype-2.10.2\src\type1\t1load.c(1931): warning C4244: '=': conversion from '__int64' to 'FT_Int', possible loss of data
Generating Code...
Compiling...
t42drivr.c
t42objs.c
t42parse.c
C:\prj\vDosPlus-201511-src\freetype-2.10.2\freetype-2.10.2\src\type42\t42parse.c(832): warning C4244: '=': conversion from '__int64' to 'FT_Int', possible loss of data
type42.c
c:\prj\vdosplus-201511-src\freetype-2.10.2\freetype-2.10.2\src\type42\t42parse.c(832): warning C4244: '=': conversion from '__int64' to 'FT_Int', possible loss of data
winfnt.c
Generating Code...
